[19:05:41] [ServerMain/INFO]: Environment: Environment[sessionHost=https://sessionserver.mojang.com, servicesHost=https://api.minecraftservices.com, name=PROD]
[19:05:42] [ServerMain/INFO]: Loaded 1290 recipes
[19:05:42] [ServerMain/INFO]: Loaded 1399 advancements
[19:05:43] [Server thread/INFO]: Starting minecraft server version 1.21
[19:05:43] [Server thread/INFO]: Loading properties
[19:05:43] [Server thread/INFO]: Default game type: SURVIVAL
[19:05:43] [Server thread/INFO]: Generating keypair
[19:05:43] [Server thread/INFO]: Starting Minecraft server on *:25565
[19:05:43] [Server thread/INFO]: Using epoll channel type
[19:05:43] [Server thread/WARN]: **** SERVER IS RUNNING IN OFFLINE/INSECURE MODE!
[19:05:43] [Server thread/WARN]: The server will make no attempt to authenticate usernames. Beware.
[19:05:43] [Server thread/WARN]: While this makes the game possible to play without internet access, it also opens up the ability for hackers to connect with any username they choose.
[19:05:43] [Server thread/WARN]: To change this, set "online-mode" to "true" in the server.properties file.
[19:05:43] [Server thread/INFO]: Preparing level "world"
[19:05:46] [Server thread/INFO]: Preparing start region for dimension minecraft:overworld
[19:05:46] [Worker-Main-1/INFO]: Preparing spawn area: 0%
[19:05:46] [Server thread/INFO]: Time elapsed: 375 ms
[19:05:46] [Server thread/INFO]: Done (2.972s)! For help, type "help"
[19:05:49] [Server thread/INFO]: Stopping the server
[19:05:49] [Server thread/INFO]: Stopping server
[19:05:49] [Server thread/INFO]: Saving players
[19:05:49] [Server thread/INFO]: Saving worlds
[19:05:49] [Server thread/INFO]: Saving chunks for level 'ServerLevel[world]'/minecraft:overworld
[19:05:49] [Server thread/INFO]: Saving chunks for level 'ServerLevel[world]'/minecraft:the_nether
[19:05:49] [Server thread/INFO]: Saving chunks for level 'ServerLevel[world]'/minecraft:the_end
[19:05:49] [Server thread/INFO]: ThreadedAnvilChunkStorage (world): All chunks are saved
[19:05:49] [Server thread/INFO]: ThreadedAnvilChunkStorage (DIM-1): All chunks are saved
[19:05:49] [Server thread/INFO]: ThreadedAnvilChunkStorage (DIM1): All chunks are saved
[19:05:49] [Server thread/INFO]: ThreadedAnvilChunkStorage: All dimensions are saved
